2014-04-29 16:18:13: -- Portball: ANALYSIS started by User on 'Aero’s MacBook Pro' (GoodSync 4.8.4.4)
2014-04-29 16:18:13: /Users/aeroxy/Documents/iOS/Portball [TmpDest] =PropDels=> /Volumes/administrator/Documents/iOS/Portball [TmpDest], ReconnectSecs=120, CopyCreateTime
2014-04-29 16:18:13: L: Files: 450 (excluded 4). Folders: 286 (excluded 1). /dev/disk0s2 HFS, Free: 29.9 GB, Total: 112.2 GB
2014-04-29 16:18:14: R: Files: 442 (excluded 4). Folders: 281 (excluded 1). //administrator@192.168.1.3/administrator AFPFS, Free: 2708.3 GB, Total: 2793.4 GB
2014-04-29 16:18:14: Changes: 17, Conflicts: 0, CopyTime: 0, CopyState: 0/0, Errors: 0
2014-04-29 16:18:14: Left to Right: Copy File: 17 
2014-04-29 16:18:14: -- Analysis Completed. Time 00:00:01, Speed: 741 files/s
2014-04-29 16:18:14: 
2014-04-29 16:18:17: == Portball: SYNC started by User on 'Aero’s MacBook Pro'
2014-04-29 16:18:17: /Users/aeroxy/Documents/iOS/Portball [TmpDest] =PropDels=> /Volumes/administrator/Documents/iOS/Portball [TmpDest], ReconnectSecs=120, CopyCreateTime
2014-04-29 16:18:17: Create Folder '/Volumes/administrator/Documents/iOS/Portball/.git/objects/6a'
2014-04-29 16:18:17: Create Folder '/Volumes/administrator/Documents/iOS/Portball/Portball/.git/objects/6a'
2014-04-29 16:18:17: Create Folder '/Volumes/administrator/Documents/iOS/Portball/Portball/Portball.xcodeproj/project.xcworkspace/xcuserdata/aeroxy.xcuserdatad'
2014-04-29 16:18:17: Create Folder '/Volumes/administrator/Documents/iOS/Portball/Portball/Portball.xcodeproj/xcuserdata/aeroxy.xcuserdatad'
2014-04-29 16:18:17: Create Folder '/Volumes/administrator/Documents/iOS/Portball/Portball/Portball.xcodeproj/xcuserdata/aeroxy.xcuserdatad/xcschemes'
2014-04-29 16:18:17: Copy Over '/Users/aeroxy/Documents/iOS/Portball/.git/index' -> '/Volumes/administrator/Documents/iOS/Portball/.git/index'
2014-04-29 16:18:17: Copy New '/Users/aeroxy/Documents/iOS/Portball/.git/objects/6a/5039f93c7afdf78032af9b65082034db6b02fa' -> '/Volumes/administrator/Documents/iOS/Portball/.git/objects/6a/5039f93c7afdf78032af9b65082034db6b02fa'
2014-04-29 16:18:17: Copy Over '/Users/aeroxy/Documents/iOS/Portball/Portball/.git/index' -> '/Volumes/administrator/Documents/iOS/Portball/Portball/.git/index'
2014-04-29 16:18:17: Copy New '/Users/aeroxy/Documents/iOS/Portball/Portball/.git/objects/6a/5039f93c7afdf78032af9b65082034db6b02fa' -> '/Volumes/administrator/Documents/iOS/Portball/Portball/.git/objects/6a/5039f93c7afdf78032af9b65082034db6b02fa'
2014-04-29 16:18:17: Copy New '/Users/aeroxy/Documents/iOS/Portball/Portball/Portball/Art/sprites.atlas/blackHole.png' -> '/Volumes/administrator/Documents/iOS/Portball/Portball/Portball/Art/sprites.atlas/blackHole.png'
2014-04-29 16:18:17: Copy New '/Users/aeroxy/Documents/iOS/Portball/Portball/Portball/Art/sprites.atlas/sparkStretch.png' -> '/Volumes/administrator/Documents/iOS/Portball/Portball/Portball/Art/sprites.atlas/sparkStretch.png'
2014-04-29 16:18:17: Copy Over '/Users/aeroxy/Documents/iOS/Portball/Portball/Portball/MyScene.m' -> '/Volumes/administrator/Documents/iOS/Portball/Portball/Portball/MyScene.m'
2014-04-29 16:18:17: Copy New '/Users/aeroxy/Documents/iOS/Portball/Portball/Portball/Particles/hole2.sks' -> '/Volumes/administrator/Documents/iOS/Portball/Portball/Portball/Particles/hole2.sks'
2014-04-29 16:18:17: Copy Over '/Users/aeroxy/Documents/iOS/Portball/Portball/Portball.xcodeproj/project.pbxproj' -> '/Volumes/administrator/Documents/iOS/Portball/Portball/Portball.xcodeproj/project.pbxproj'
2014-04-29 16:18:17: Copy New '/Users/aeroxy/Documents/iOS/Portball/Portball/Portball.xcodeproj/project.xcworkspace/xcuserdata/aeroxy.xcuserdatad/UserInterfaceState.xcuserstate' -> '/Volumes/administrator/Documents/iOS/Portball/Portball/Portball.xcodeproj/project.xcworkspace/xcuserdata/aeroxy.xcuserdatad/UserInterfaceState.xcuserstate'
2014-04-29 16:18:17: Copy New '/Users/aeroxy/Documents/iOS/Portball/Portball/Portball.xcodeproj/xcuserdata/aeroxy.xcuserdatad/xcschemes/Portball.xcscheme' -> '/Volumes/administrator/Documents/iOS/Portball/Portball/Portball.xcodeproj/xcuserdata/aeroxy.xcuserdatad/xcschemes/Portball.xcscheme'
2014-04-29 16:18:17: Copy New '/Users/aeroxy/Documents/iOS/Portball/Portball/Portball.xcodeproj/xcuserdata/aeroxy.xcuserdatad/xcschemes/xcschememanagement.plist' -> '/Volumes/administrator/Documents/iOS/Portball/Portball/Portball.xcodeproj/xcuserdata/aeroxy.xcuserdatad/xcschemes/xcschememanagement.plist'
2014-04-29 16:18:17: Save State File /Users/aeroxy/Documents/iOS/Portball/_gsdata_/_file_state_v4._gs
2014-04-29 16:18:17: Save State File /Volumes/administrator/Documents/iOS/Portball/_gsdata_/_file_state_v4._gs
2014-04-29 16:18:17: Items Synced OK: 17, Errors: 0
2014-04-29 16:18:17: == Sync Completed. Time: 00:00:00, Speed: 0.0/s
2014-04-29 16:18:17: 
