2014-04-29 11:18:07: -- Portball: ANALYSIS started by User on 'Aero-iMac' (GoodSync 4.8.4.4)
2014-04-29 11:18:07: /Users/administrator/Documents/iOS/Portball [TmpDest] =PropDels=> /Volumes/SP PHD U3/iOS/Portball [TmpDest], ReconnectSecs=120, CopyCreateTime
2014-04-29 11:18:07: L: State file does not exist: /Users/administrator/Documents/iOS/Portball/_gsdata_/_file_state_v4._gs
2014-04-29 11:18:07: L: Files: 442 (excluded 4). Folders: 281 (excluded 0). /dev/disk1 HFS, Free: 2708.3 GB, Total: 2793.4 GB
2014-04-29 11:18:07: R: State file does not exist: /Volumes/SP PHD U3/iOS/Portball/_gsdata_/_file_state_v4._gs
2014-04-29 11:18:07: R: Files: 315 (excluded 3). Folders: 207 (excluded 0). /dev/disk6s1 MSDOS, Free: 929.6 GB, Total: 931.3 GB
2014-04-29 11:18:07: Changes: 233, Conflicts: 0, CopyTime: 0, CopyState: 0/495, Errors: 0
2014-04-29 11:18:07: Left to Right: Copy File: 228 Delete File: 5 
2014-04-29 11:18:07: -- Analysis Completed. Time 00:00:00, Speed: Many files/s
2014-04-29 11:18:07: 
2014-04-29 11:18:09: New _gsdata_ folder(s) created, so rescan all job folders for their ghosts
2014-04-29 11:18:09: == Portball: SYNC started by User on 'Aero-iMac'
2014-04-29 11:18:09: /Users/administrator/Documents/iOS/Portball [TmpDest] =PropDels=> /Volumes/SP PHD U3/iOS/Portball [TmpDest], ReconnectSecs=120, CopyCreateTime
2014-04-29 11:18:09: Delete File '/Volumes/SP PHD U3/iOS/Portball/Portball/Portball/MyScene.m.BACKUP.12232.m'
2014-04-29 11:18:09: Delete File '/Volumes/SP PHD U3/iOS/Portball/Portball/Portball/MyScene.m.BASE.12232.m'
2014-04-29 11:18:09: Delete File '/Volumes/SP PHD U3/iOS/Portball/Portball/Portball/MyScene.m.LOCAL.12232.m'
2014-04-29 11:18:09: Delete File '/Volumes/SP PHD U3/iOS/Portball/Portball/Portball/MyScene.m.orig'
2014-04-29 11:18:09: Delete File '/Volumes/SP PHD U3/iOS/Portball/Portball/Portball/MyScene.m.REMOTE.12232.m'
2014-04-29 11:18:09: Create Folder '/Volumes/SP PHD U3/iOS/Portball/.git/objects/00'
2014-04-29 11:18:09: Create Folder '/Volumes/SP PHD U3/iOS/Portball/.git/objects/05'
2014-04-29 11:18:09: Create Folder '/Volumes/SP PHD U3/iOS/Portball/.git/objects/09'
2014-04-29 11:18:09: Create Folder '/Volumes/SP PHD U3/iOS/Portball/.git/objects/10'
2014-04-29 11:18:09: Create Folder '/Volumes/SP PHD U3/iOS/Portball/.git/objects/15'
2014-04-29 11:18:09: Create Folder '/Volumes/SP PHD U3/iOS/Portball/.git/objects/17'
2014-04-29 11:18:09: Create Folder '/Volumes/SP PHD U3/iOS/Portball/.git/objects/1a'
2014-04-29 11:18:09: Create Folder '/Volumes/SP PHD U3/iOS/Portball/.git/objects/1e'
2014-04-29 11:18:09: Create Folder '/Volumes/SP PHD U3/iOS/Portball/.git/objects/2e'
2014-04-29 11:18:09: Create Folder '/Volumes/SP PHD U3/iOS/Portball/.git/objects/33'
2014-04-29 11:18:09: Create Folder '/Volumes/SP PHD U3/iOS/Portball/.git/objects/39'
2014-04-29 11:18:09: Create Folder '/Volumes/SP PHD U3/iOS/Portball/.git/objects/3b'
2014-04-29 11:18:09: Create Folder '/Volumes/SP PHD U3/iOS/Portball/.git/objects/3c'
2014-04-29 11:18:09: Create Folder '/Volumes/SP PHD U3/iOS/Portball/.git/objects/49'
2014-04-29 11:18:09: Create Folder '/Volumes/SP PHD U3/iOS/Portball/.git/objects/4f'
2014-04-29 11:18:09: Create Folder '/Volumes/SP PHD U3/iOS/Portball/.git/objects/50'
2014-04-29 11:18:09: Create Folder '/Volumes/SP PHD U3/iOS/Portball/.git/objects/52'
2014-04-29 11:18:09: Create Folder '/Volumes/SP PHD U3/iOS/Portball/.git/objects/57'
2014-04-29 11:18:09: Create Folder '/Volumes/SP PHD U3/iOS/Portball/.git/objects/5b'
2014-04-29 11:18:09: Create Folder '/Volumes/SP PHD U3/iOS/Portball/.git/objects/5c'
2014-04-29 11:18:09: Create Folder '/Volumes/SP PHD U3/iOS/Portball/.git/objects/70'
2014-04-29 11:18:09: Create Folder '/Volumes/SP PHD U3/iOS/Portball/.git/objects/71'
2014-04-29 11:18:09: Create Folder '/Volumes/SP PHD U3/iOS/Portball/.git/objects/78'
2014-04-29 11:18:09: Create Folder '/Volumes/SP PHD U3/iOS/Portball/.git/objects/7b'
2014-04-29 11:18:09: Create Folder '/Volumes/SP PHD U3/iOS/Portball/.git/objects/82'
2014-04-29 11:18:09: Create Folder '/Volumes/SP PHD U3/iOS/Portball/.git/objects/96'
2014-04-29 11:18:09: Create Folder '/Volumes/SP PHD U3/iOS/Portball/.git/objects/9b'
2014-04-29 11:18:09: Create Folder '/Volumes/SP PHD U3/iOS/Portball/.git/objects/a2'
2014-04-29 11:18:09: Create Folder '/Volumes/SP PHD U3/iOS/Portball/.git/objects/a5'
2014-04-29 11:18:09: Create Folder '/Volumes/SP PHD U3/iOS/Portball/.git/objects/aa'
2014-04-29 11:18:09: Create Folder '/Volumes/SP PHD U3/iOS/Portball/.git/objects/af'
2014-04-29 11:18:09: Create Folder '/Volumes/SP PHD U3/iOS/Portball/.git/objects/bb'
2014-04-29 11:18:09: Create Folder '/Volumes/SP PHD U3/iOS/Portball/.git/objects/be'
2014-04-29 11:18:09: Create Folder '/Volumes/SP PHD U3/iOS/Portball/.git/objects/c0'
2014-04-29 11:18:09: Create Folder '/Volumes/SP PHD U3/iOS/Portball/.git/objects/c8'
2014-04-29 11:18:09: Create Folder '/Volumes/SP PHD U3/iOS/Portball/.git/objects/d8'
2014-04-29 11:18:09: Create Folder '/Volumes/SP PHD U3/iOS/Portball/.git/objects/d9'
2014-04-29 11:18:09: Create Folder '/Volumes/SP PHD U3/iOS/Portball/.git/objects/dd'
2014-04-29 11:18:09: Create Folder '/Volumes/SP PHD U3/iOS/Portball/.git/objects/de'
2014-04-29 11:18:09: Create Folder '/Volumes/SP PHD U3/iOS/Portball/.git/objects/e2'
2014-04-29 11:18:09: Create Folder '/Volumes/SP PHD U3/iOS/Portball/.git/objects/e3'
2014-04-29 11:18:09: Create Folder '/Volumes/SP PHD U3/iOS/Portball/.git/objects/ec'
2014-04-29 11:18:09: Create Folder '/Volumes/SP PHD U3/iOS/Portball/.git/objects/fb'
2014-04-29 11:18:09: Create Folder '/Volumes/SP PHD U3/iOS/Portball/Portball/.git/objects/05'
2014-04-29 11:18:09: Create Folder '/Volumes/SP PHD U3/iOS/Portball/Portball/.git/objects/11'
2014-04-29 11:18:09: Create Folder '/Volumes/SP PHD U3/iOS/Portball/Portball/.git/objects/1e'
2014-04-29 11:18:09: Create Folder '/Volumes/SP PHD U3/iOS/Portball/Portball/.git/objects/1f'
2014-04-29 11:18:09: Create Folder '/Volumes/SP PHD U3/iOS/Portball/Portball/.git/objects/2b'
2014-04-29 11:18:09: Create Folder '/Volumes/SP PHD U3/iOS/Portball/Portball/.git/objects/2e'
2014-04-29 11:18:09: Create Folder '/Volumes/SP PHD U3/iOS/Portball/Portball/.git/objects/33'
2014-04-29 11:18:09: Create Folder '/Volumes/SP PHD U3/iOS/Portball/Portball/.git/objects/64'
2014-04-29 11:18:09: Create Folder '/Volumes/SP PHD U3/iOS/Portball/Portball/.git/objects/70'
2014-04-29 11:18:09: Create Folder '/Volumes/SP PHD U3/iOS/Portball/Portball/.git/objects/71'
2014-04-29 11:18:09: Create Folder '/Volumes/SP PHD U3/iOS/Portball/Portball/.git/objects/80'
2014-04-29 11:18:09: Create Folder '/Volumes/SP PHD U3/iOS/Portball/Portball/.git/objects/8d'
2014-04-29 11:18:09: Create Folder '/Volumes/SP PHD U3/iOS/Portball/Portball/.git/objects/93'
2014-04-29 11:18:09: Create Folder '/Volumes/SP PHD U3/iOS/Portball/Portball/.git/objects/a2'
2014-04-29 11:18:09: Create Folder '/Volumes/SP PHD U3/iOS/Portball/Portball/.git/objects/ab'
2014-04-29 11:18:09: Create Folder '/Volumes/SP PHD U3/iOS/Portball/Portball/.git/objects/ac'
2014-04-29 11:18:09: Create Folder '/Volumes/SP PHD U3/iOS/Portball/Portball/.git/objects/b4'
2014-04-29 11:18:09: Create Folder '/Volumes/SP PHD U3/iOS/Portball/Portball/.git/objects/b5'
2014-04-29 11:18:09: Create Folder '/Volumes/SP PHD U3/iOS/Portball/Portball/.git/objects/b7'
2014-04-29 11:18:09: Create Folder '/Volumes/SP PHD U3/iOS/Portball/Portball/.git/objects/be'
2014-04-29 11:18:09: Create Folder '/Volumes/SP PHD U3/iOS/Portball/Portball/.git/objects/cd'
2014-04-29 11:18:09: Create Folder '/Volumes/SP PHD U3/iOS/Portball/Portball/.git/objects/d3'
2014-04-29 11:18:09: Create Folder '/Volumes/SP PHD U3/iOS/Portball/Portball/.git/objects/d8'
2014-04-29 11:18:09: Create Folder '/Volumes/SP PHD U3/iOS/Portball/Portball/.git/objects/de'
2014-04-29 11:18:09: Create Folder '/Volumes/SP PHD U3/iOS/Portball/Portball/.git/objects/e3'
2014-04-29 11:18:09: Create Folder '/Volumes/SP PHD U3/iOS/Portball/Portball/.git/objects/e6'
2014-04-29 11:18:09: Create Folder '/Volumes/SP PHD U3/iOS/Portball/Portball/.git/objects/f0'
2014-04-29 11:18:09: Create Folder '/Volumes/SP PHD U3/iOS/Portball/Portball/.git/objects/fb'
2014-04-29 11:18:09: Create Folder '/Volumes/SP PHD U3/iOS/Portball/Portball/Portball/Font'
2014-04-29 11:18:09: Create Folder '/Volumes/SP PHD U3/iOS/Portball/Portball/Portball/Music'
2014-04-29 11:18:09: Create Folder '/Volumes/SP PHD U3/iOS/Portball/Portball/Portball/Particles'
2014-04-29 11:18:09: Copy Over '/Users/administrator/Documents/iOS/Portball/.git/COMMIT_EDITMSG' -> '/Volumes/SP PHD U3/iOS/Portball/.git/COMMIT_EDITMSG'
2014-04-29 11:18:09: Copy Over '/Users/administrator/Documents/iOS/Portball/.git/FETCH_HEAD' -> '/Volumes/SP PHD U3/iOS/Portball/.git/FETCH_HEAD'
2014-04-29 11:18:09: Copy Over '/Users/administrator/Documents/iOS/Portball/.git/index' -> '/Volumes/SP PHD U3/iOS/Portball/.git/index'
2014-04-29 11:18:09: Copy Over '/Users/administrator/Documents/iOS/Portball/.git/logs/HEAD' -> '/Volumes/SP PHD U3/iOS/Portball/.git/logs/HEAD'
2014-04-29 11:18:09: Copy Over '/Users/administrator/Documents/iOS/Portball/.git/logs/refs/heads/aero' -> '/Volumes/SP PHD U3/iOS/Portball/.git/logs/refs/heads/aero'
2014-04-29 11:18:09: Copy Over '/Users/administrator/Documents/iOS/Portball/.git/logs/refs/remotes/origin/aero' -> '/Volumes/SP PHD U3/iOS/Portball/.git/logs/refs/remotes/origin/aero'
2014-04-29 11:18:09: Copy New '/Users/administrator/Documents/iOS/Portball/.git/objects/00/d3c6a5b6ad4dce223b33d4604a2c17ce5145c4' -> '/Volumes/SP PHD U3/iOS/Portball/.git/objects/00/d3c6a5b6ad4dce223b33d4604a2c17ce5145c4'
2014-04-29 11:18:09: Copy New '/Users/administrator/Documents/iOS/Portball/.git/objects/05/9728dd1bd85b15ee02a96dc6f5eeb9d1f96b83' -> '/Volumes/SP PHD U3/iOS/Portball/.git/objects/05/9728dd1bd85b15ee02a96dc6f5eeb9d1f96b83'
2014-04-29 11:18:09: Copy New '/Users/administrator/Documents/iOS/Portball/.git/objects/08/36cf5413b4585774e0bddd9dee8fcc78702cbf' -> '/Volumes/SP PHD U3/iOS/Portball/.git/objects/08/36cf5413b4585774e0bddd9dee8fcc78702cbf'
2014-04-29 11:18:09: Copy New '/Users/administrator/Documents/iOS/Portball/.git/objects/09/4898d6c6f0419d04913e21e541b00e73a8005a' -> '/Volumes/SP PHD U3/iOS/Portball/.git/objects/09/4898d6c6f0419d04913e21e541b00e73a8005a'
2014-04-29 11:18:09: Copy New '/Users/administrator/Documents/iOS/Portball/.git/objects/0d/93951178ec142a40574713977ea41f6951bd63' -> '/Volumes/SP PHD U3/iOS/Portball/.git/objects/0d/93951178ec142a40574713977ea41f6951bd63'
2014-04-29 11:18:09: Copy New '/Users/administrator/Documents/iOS/Portball/.git/objects/10/f68e708bd4b83fc26c00650db9591d29033ee4' -> '/Volumes/SP PHD U3/iOS/Portball/.git/objects/10/f68e708bd4b83fc26c00650db9591d29033ee4'
2014-04-29 11:18:09: Copy New '/Users/administrator/Documents/iOS/Portball/.git/objects/15/0eaddbd90c69cb959d4a9564fb5b077d385c93' -> '/Volumes/SP PHD U3/iOS/Portball/.git/objects/15/0eaddbd90c69cb959d4a9564fb5b077d385c93'
2014-04-29 11:18:09: Copy New '/Users/administrator/Documents/iOS/Portball/.git/objects/17/742733825045b990c59c0fe7f78817a9b7991e' -> '/Volumes/SP PHD U3/iOS/Portball/.git/objects/17/742733825045b990c59c0fe7f78817a9b7991e'
2014-04-29 11:18:09: Copy New '/Users/administrator/Documents/iOS/Portball/.git/objects/18/9ace3734aefa8fe8f4bb882100ee74459fa6d8' -> '/Volumes/SP PHD U3/iOS/Portball/.git/objects/18/9ace3734aefa8fe8f4bb882100ee74459fa6d8'
2014-04-29 11:18:09: Copy New '/Users/administrator/Documents/iOS/Portball/.git/objects/1a/a9aba7037e4da618d3b11b07884a0830e936ab' -> '/Volumes/SP PHD U3/iOS/Portball/.git/objects/1a/a9aba7037e4da618d3b11b07884a0830e936ab'
2014-04-29 11:18:09: Copy New '/Users/administrator/Documents/iOS/Portball/.git/objects/1e/95efa2cba58623720f9e00f50337e8431c5559' -> '/Volumes/SP PHD U3/iOS/Portball/.git/objects/1e/95efa2cba58623720f9e00f50337e8431c5559'
2014-04-29 11:18:09: Copy New '/Users/administrator/Documents/iOS/Portball/.git/objects/2e/9c1f79452416ad679139b4ea5fed8a4fce50b1' -> '/Volumes/SP PHD U3/iOS/Portball/.git/objects/2e/9c1f79452416ad679139b4ea5fed8a4fce50b1'
2014-04-29 11:18:09: Copy New '/Users/administrator/Documents/iOS/Portball/.git/objects/33/83a218caa6310f93bf704104a41f01aaa95691' -> '/Volumes/SP PHD U3/iOS/Portball/.git/objects/33/83a218caa6310f93bf704104a41f01aaa95691'
2014-04-29 11:18:09: Copy New '/Users/administrator/Documents/iOS/Portball/.git/objects/39/496aa31017688d0eff23e28e71329c4e05a43e' -> '/Volumes/SP PHD U3/iOS/Portball/.git/objects/39/496aa31017688d0eff23e28e71329c4e05a43e'
2014-04-29 11:18:09: Copy New '/Users/administrator/Documents/iOS/Portball/.git/objects/3b/86964c995b1fe9593e9df25ea9d7e36b809867' -> '/Volumes/SP PHD U3/iOS/Portball/.git/objects/3b/86964c995b1fe9593e9df25ea9d7e36b809867'
2014-04-29 11:18:09: Copy New '/Users/administrator/Documents/iOS/Portball/.git/objects/3c/025f7fe57906d2f5c04b0eb87d9a66a73a3dde' -> '/Volumes/SP PHD U3/iOS/Portball/.git/objects/3c/025f7fe57906d2f5c04b0eb87d9a66a73a3dde'
2014-04-29 11:18:09: Copy New '/Users/administrator/Documents/iOS/Portball/.git/objects/49/a7f839c523c345f01c0f4c54f3b4680a0f0be0' -> '/Volumes/SP PHD U3/iOS/Portball/.git/objects/49/a7f839c523c345f01c0f4c54f3b4680a0f0be0'
2014-04-29 11:18:09: Copy New '/Users/administrator/Documents/iOS/Portball/.git/objects/4f/14000c9078a19a0ed6c15a18ea5bc3ae5d9db3' -> '/Volumes/SP PHD U3/iOS/Portball/.git/objects/4f/14000c9078a19a0ed6c15a18ea5bc3ae5d9db3'
2014-04-29 11:18:09: Copy New '/Users/administrator/Documents/iOS/Portball/.git/objects/50/8d1b7d1c7932bfec6e83bdaafc031813e98335' -> '/Volumes/SP PHD U3/iOS/Portball/.git/objects/50/8d1b7d1c7932bfec6e83bdaafc031813e98335'
2014-04-29 11:18:09: Copy New '/Users/administrator/Documents/iOS/Portball/.git/objects/52/5b716d1b7644ebf5876328015ec60115791629' -> '/Volumes/SP PHD U3/iOS/Portball/.git/objects/52/5b716d1b7644ebf5876328015ec60115791629'
2014-04-29 11:18:09: Copy New '/Users/administrator/Documents/iOS/Portball/.git/objects/57/ccd07772d092618f83cb8c51c92807e225b943' -> '/Volumes/SP PHD U3/iOS/Portball/.git/objects/57/ccd07772d092618f83cb8c51c92807e225b943'
2014-04-29 11:18:09: Copy New '/Users/administrator/Documents/iOS/Portball/.git/objects/5b/b73ad402d62edd98c16299aea89a531843a480' -> '/Volumes/SP PHD U3/iOS/Portball/.git/objects/5b/b73ad402d62edd98c16299aea89a531843a480'
2014-04-29 11:18:09: Copy New '/Users/administrator/Documents/iOS/Portball/.git/objects/5c/6ac5993635d04daed4b5d6a090a76a494f630e' -> '/Volumes/SP PHD U3/iOS/Portball/.git/objects/5c/6ac5993635d04daed4b5d6a090a76a494f630e'
2014-04-29 11:18:09: Copy New '/Users/administrator/Documents/iOS/Portball/.git/objects/5c/d1f9f014e0bd144d93fbf5176ef71bd14f5310' -> '/Volumes/SP PHD U3/iOS/Portball/.git/objects/5c/d1f9f014e0bd144d93fbf5176ef71bd14f5310'
2014-04-29 11:18:09: Copy New '/Users/administrator/Documents/iOS/Portball/.git/objects/61/781435c5e71f67319d35d9f9f718b38373c4df' -> '/Volumes/SP PHD U3/iOS/Portball/.git/objects/61/781435c5e71f67319d35d9f9f718b38373c4df'
2014-04-29 11:18:09: Copy New '/Users/administrator/Documents/iOS/Portball/.git/objects/63/84f9ca8082daf9007524bc7dad4b6a303e23f1' -> '/Volumes/SP PHD U3/iOS/Portball/.git/objects/63/84f9ca8082daf9007524bc7dad4b6a303e23f1'
2014-04-29 11:18:09: Copy New '/Users/administrator/Documents/iOS/Portball/.git/objects/63/d0f1843536156dbf6c7d9656abc6f1aab6a472' -> '/Volumes/SP PHD U3/iOS/Portball/.git/objects/63/d0f1843536156dbf6c7d9656abc6f1aab6a472'
2014-04-29 11:18:09: Copy New '/Users/administrator/Documents/iOS/Portball/.git/objects/6d/0cffe21aaad7f0d55cd0f6f02551d81eb9bd58' -> '/Volumes/SP PHD U3/iOS/Portball/.git/objects/6d/0cffe21aaad7f0d55cd0f6f02551d81eb9bd58'
2014-04-29 11:18:09: Copy New '/Users/administrator/Documents/iOS/Portball/.git/objects/70/1aae1fba23e94d52ab05963c4d0c10bba76db2' -> '/Volumes/SP PHD U3/iOS/Portball/.git/objects/70/1aae1fba23e94d52ab05963c4d0c10bba76db2'
2014-04-29 11:18:09: Copy New '/Users/administrator/Documents/iOS/Portball/.git/objects/71/1dd2d2742d9f4fd91b33132d4d55661a5d6859' -> '/Volumes/SP PHD U3/iOS/Portball/.git/objects/71/1dd2d2742d9f4fd91b33132d4d55661a5d6859'
2014-04-29 11:18:09: Copy New '/Users/administrator/Documents/iOS/Portball/.git/objects/71/ae0c8175a8786426c51391b30930a0c4551ffc' -> '/Volumes/SP PHD U3/iOS/Portball/.git/objects/71/ae0c8175a8786426c51391b30930a0c4551ffc'
2014-04-29 11:18:09: Copy New '/Users/administrator/Documents/iOS/Portball/.git/objects/77/2e91dce77a7e4919d9ab3597801054db5126dc' -> '/Volumes/SP PHD U3/iOS/Portball/.git/objects/77/2e91dce77a7e4919d9ab3597801054db5126dc'
2014-04-29 11:18:09: Copy New '/Users/administrator/Documents/iOS/Portball/.git/objects/78/da443504cfadfd75dc638d630b065da2090139' -> '/Volumes/SP PHD U3/iOS/Portball/.git/objects/78/da443504cfadfd75dc638d630b065da2090139'
2014-04-29 11:18:09: Copy New '/Users/administrator/Documents/iOS/Portball/.git/objects/7b/fc9d9f283ae8ae148cf92fdd8a801685d4af9f' -> '/Volumes/SP PHD U3/iOS/Portball/.git/objects/7b/fc9d9f283ae8ae148cf92fdd8a801685d4af9f'
2014-04-29 11:18:09: Copy New '/Users/administrator/Documents/iOS/Portball/.git/objects/7d/131c2b7b88a4c0e1dd9942770b28af26b125e9' -> '/Volumes/SP PHD U3/iOS/Portball/.git/objects/7d/131c2b7b88a4c0e1dd9942770b28af26b125e9'
2014-04-29 11:18:09: Copy New '/Users/administrator/Documents/iOS/Portball/.git/objects/80/95a0ff6f15bc69a9ded8a52592c65ecc36d008' -> '/Volumes/SP PHD U3/iOS/Portball/.git/objects/80/95a0ff6f15bc69a9ded8a52592c65ecc36d008'
2014-04-29 11:18:09: Copy New '/Users/administrator/Documents/iOS/Portball/.git/objects/82/513fc0122c2ab1d6590d51044d49c1a807c690' -> '/Volumes/SP PHD U3/iOS/Portball/.git/objects/82/513fc0122c2ab1d6590d51044d49c1a807c690'
2014-04-29 11:18:09: Copy New '/Users/administrator/Documents/iOS/Portball/.git/objects/8e/f1a4ac41a72da69a43f6ac0af876569df0d6dd' -> '/Volumes/SP PHD U3/iOS/Portball/.git/objects/8e/f1a4ac41a72da69a43f6ac0af876569df0d6dd'
2014-04-29 11:18:09: Copy New '/Users/administrator/Documents/iOS/Portball/.git/objects/96/6e74097284a272062329b664f8fd7585f08480' -> '/Volumes/SP PHD U3/iOS/Portball/.git/objects/96/6e74097284a272062329b664f8fd7585f08480'
2014-04-29 11:18:09: Copy New '/Users/administrator/Documents/iOS/Portball/.git/objects/96/ddbb206fe43d8c319cb7b6c149a45c2702140b' -> '/Volumes/SP PHD U3/iOS/Portball/.git/objects/96/ddbb206fe43d8c319cb7b6c149a45c2702140b'
2014-04-29 11:18:09: Copy New '/Users/administrator/Documents/iOS/Portball/.git/objects/9b/151de5de6aee91d5c0434843bd10624a6a832c' -> '/Volumes/SP PHD U3/iOS/Portball/.git/objects/9b/151de5de6aee91d5c0434843bd10624a6a832c'
2014-04-29 11:18:09: Copy New '/Users/administrator/Documents/iOS/Portball/.git/objects/a1/e8db88cde4dabc4ac793e305b36068747c6f78' -> '/Volumes/SP PHD U3/iOS/Portball/.git/objects/a1/e8db88cde4dabc4ac793e305b36068747c6f78'
2014-04-29 11:18:09: Copy New '/Users/administrator/Documents/iOS/Portball/.git/objects/a2/94d03e4fd78dcee8026ce058d41b956629b4cc' -> '/Volumes/SP PHD U3/iOS/Portball/.git/objects/a2/94d03e4fd78dcee8026ce058d41b956629b4cc'
2014-04-29 11:18:09: Copy New '/Users/administrator/Documents/iOS/Portball/.git/objects/a2/d10141dfc716e8efa157ac4bfdfd00abb6a990' -> '/Volumes/SP PHD U3/iOS/Portball/.git/objects/a2/d10141dfc716e8efa157ac4bfdfd00abb6a990'
2014-04-29 11:18:09: Copy New '/Users/administrator/Documents/iOS/Portball/.git/objects/a5/34d607377d6fa62aa6be50450934118ac15709' -> '/Volumes/SP PHD U3/iOS/Portball/.git/objects/a5/34d607377d6fa62aa6be50450934118ac15709'
2014-04-29 11:18:09: Copy New '/Users/administrator/Documents/iOS/Portball/.git/objects/a7/86b69353916c39623aabc33230f4952c8306a1' -> '/Volumes/SP PHD U3/iOS/Portball/.git/objects/a7/86b69353916c39623aabc33230f4952c8306a1'
2014-04-29 11:18:09: Copy New '/Users/administrator/Documents/iOS/Portball/.git/objects/aa/6de7599b8e1d437bede443c55e3ff90cb4ecd6' -> '/Volumes/SP PHD U3/iOS/Portball/.git/objects/aa/6de7599b8e1d437bede443c55e3ff90cb4ecd6'
2014-04-29 11:18:09: Copy New '/Users/administrator/Documents/iOS/Portball/.git/objects/af/efd83ec58f88f916a8675402f8b3103be9cfd1' -> '/Volumes/SP PHD U3/iOS/Portball/.git/objects/af/efd83ec58f88f916a8675402f8b3103be9cfd1'
2014-04-29 11:18:10: Copy New '/Users/administrator/Documents/iOS/Portball/.git/objects/b2/1b185ed9d4ab5001ef605a177c77a281d5edf5' -> '/Volumes/SP PHD U3/iOS/Portball/.git/objects/b2/1b185ed9d4ab5001ef605a177c77a281d5edf5'
2014-04-29 11:18:10: Copy New '/Users/administrator/Documents/iOS/Portball/.git/objects/bb/54755c3f0df4dd0e8c4628cdfdd1ba59a05219' -> '/Volumes/SP PHD U3/iOS/Portball/.git/objects/bb/54755c3f0df4dd0e8c4628cdfdd1ba59a05219'
2014-04-29 11:18:10: Copy New '/Users/administrator/Documents/iOS/Portball/.git/objects/be/ed96d1982afd5e0aaf071df63f5761d8bc2bde' -> '/Volumes/SP PHD U3/iOS/Portball/.git/objects/be/ed96d1982afd5e0aaf071df63f5761d8bc2bde'
2014-04-29 11:18:10: Copy New '/Users/administrator/Documents/iOS/Portball/.git/objects/c0/f69097832c9faab1af0d1a8095828d1dc249d4' -> '/Volumes/SP PHD U3/iOS/Portball/.git/objects/c0/f69097832c9faab1af0d1a8095828d1dc249d4'
2014-04-29 11:18:10: Copy New '/Users/administrator/Documents/iOS/Portball/.git/objects/c7/4a56ae4cc2f12430195857af56fc54d6c91b15' -> '/Volumes/SP PHD U3/iOS/Portball/.git/objects/c7/4a56ae4cc2f12430195857af56fc54d6c91b15'
2014-04-29 11:18:10: Copy New '/Users/administrator/Documents/iOS/Portball/.git/objects/c8/b311011fc8d5b9628e90eb542e8613b1826f1f' -> '/Volumes/SP PHD U3/iOS/Portball/.git/objects/c8/b311011fc8d5b9628e90eb542e8613b1826f1f'
2014-04-29 11:18:10: Copy New '/Users/administrator/Documents/iOS/Portball/.git/objects/cd/0ec717d72e2ec408c324fca5cbe56031f53429' -> '/Volumes/SP PHD U3/iOS/Portball/.git/objects/cd/0ec717d72e2ec408c324fca5cbe56031f53429'
2014-04-29 11:18:10: Copy New '/Users/administrator/Documents/iOS/Portball/.git/objects/cf/9f649b8b977d03fcd612937ecf8f308dd618ed' -> '/Volumes/SP PHD U3/iOS/Portball/.git/objects/cf/9f649b8b977d03fcd612937ecf8f308dd618ed'
2014-04-29 11:18:10: Copy New '/Users/administrator/Documents/iOS/Portball/.git/objects/cf/a7804f393fd9af8c93f10ed51d823caddd66bb' -> '/Volumes/SP PHD U3/iOS/Portball/.git/objects/cf/a7804f393fd9af8c93f10ed51d823caddd66bb'
2014-04-29 11:18:10: Copy New '/Users/administrator/Documents/iOS/Portball/.git/objects/d3/975b08ea41dbfe8b39a1e00115498bef43ba91' -> '/Volumes/SP PHD U3/iOS/Portball/.git/objects/d3/975b08ea41dbfe8b39a1e00115498bef43ba91'
2014-04-29 11:18:10: Copy New '/Users/administrator/Documents/iOS/Portball/.git/objects/d8/2b79c4eaad3c2d65a559d034b4e78b095bece9' -> '/Volumes/SP PHD U3/iOS/Portball/.git/objects/d8/2b79c4eaad3c2d65a559d034b4e78b095bece9'
2014-04-29 11:18:10: Copy New '/Users/administrator/Documents/iOS/Portball/.git/objects/d9/1135ed297905ee479a0e66f7af860ab29eafa3' -> '/Volumes/SP PHD U3/iOS/Portball/.git/objects/d9/1135ed297905ee479a0e66f7af860ab29eafa3'
2014-04-29 11:18:10: Copy New '/Users/administrator/Documents/iOS/Portball/.git/objects/da/56964fd81cf1091b1c1ea43a5a3c859bbd45c2' -> '/Volumes/SP PHD U3/iOS/Portball/.git/objects/da/56964fd81cf1091b1c1ea43a5a3c859bbd45c2'
2014-04-29 11:18:10: Copy New '/Users/administrator/Documents/iOS/Portball/.git/objects/dd/b60a5292e1432d57a51a5907bd96f868177068' -> '/Volumes/SP PHD U3/iOS/Portball/.git/objects/dd/b60a5292e1432d57a51a5907bd96f868177068'
2014-04-29 11:18:10: Copy New '/Users/administrator/Documents/iOS/Portball/.git/objects/de/90b96d63e7b367bcd252344201b2e441d55997' -> '/Volumes/SP PHD U3/iOS/Portball/.git/objects/de/90b96d63e7b367bcd252344201b2e441d55997'
2014-04-29 11:18:10: Copy New '/Users/administrator/Documents/iOS/Portball/.git/objects/e2/e930b56aef7888914afdae398dd143765c7a08' -> '/Volumes/SP PHD U3/iOS/Portball/.git/objects/e2/e930b56aef7888914afdae398dd143765c7a08'
2014-04-29 11:18:10: Copy New '/Users/administrator/Documents/iOS/Portball/.git/objects/e3/f030779afff08bdbb973808bd35201939c0bae' -> '/Volumes/SP PHD U3/iOS/Portball/.git/objects/e3/f030779afff08bdbb973808bd35201939c0bae'
2014-04-29 11:18:10: Copy New '/Users/administrator/Documents/iOS/Portball/.git/objects/ea/ff48668af6966334e29b7bdebed5b8316be693' -> '/Volumes/SP PHD U3/iOS/Portball/.git/objects/ea/ff48668af6966334e29b7bdebed5b8316be693'
2014-04-29 11:18:10: Copy New '/Users/administrator/Documents/iOS/Portball/.git/objects/ec/309019b060b199a9252319c16a21aa25552a14' -> '/Volumes/SP PHD U3/iOS/Portball/.git/objects/ec/309019b060b199a9252319c16a21aa25552a14'
2014-04-29 11:18:10: Copy New '/Users/administrator/Documents/iOS/Portball/.git/objects/ed/2c83b63f07fcf47aa60f82d1277b61074a9d37' -> '/Volumes/SP PHD U3/iOS/Portball/.git/objects/ed/2c83b63f07fcf47aa60f82d1277b61074a9d37'
2014-04-29 11:18:10: Copy New '/Users/administrator/Documents/iOS/Portball/.git/objects/fa/ae1bbd54bf095fb18769d9afbffdfbf3735906' -> '/Volumes/SP PHD U3/iOS/Portball/.git/objects/fa/ae1bbd54bf095fb18769d9afbffdfbf3735906'
2014-04-29 11:18:10: Copy New '/Users/administrator/Documents/iOS/Portball/.git/objects/fb/a59e02e55e4c813346e66f6d9b5d76a8dca178' -> '/Volumes/SP PHD U3/iOS/Portball/.git/objects/fb/a59e02e55e4c813346e66f6d9b5d76a8dca178'
2014-04-29 11:18:10: Copy Over '/Users/administrator/Documents/iOS/Portball/.git/ORIG_HEAD' -> '/Volumes/SP PHD U3/iOS/Portball/.git/ORIG_HEAD'
2014-04-29 11:18:10: Copy Over '/Users/administrator/Documents/iOS/Portball/.git/refs/heads/aero' -> '/Volumes/SP PHD U3/iOS/Portball/.git/refs/heads/aero'
2014-04-29 11:18:10: Copy Over '/Users/administrator/Documents/iOS/Portball/.git/refs/remotes/origin/aero' -> '/Volumes/SP PHD U3/iOS/Portball/.git/refs/remotes/origin/aero'
2014-04-29 11:18:10: Copy Over '/Users/administrator/Documents/iOS/Portball/Portball/.git/index' -> '/Volumes/SP PHD U3/iOS/Portball/Portball/.git/index'
2014-04-29 11:18:10: Copy New '/Users/administrator/Documents/iOS/Portball/Portball/.git/objects/05/6b4ec841f36046986191b5d296791f50602f23' -> '/Volumes/SP PHD U3/iOS/Portball/Portball/.git/objects/05/6b4ec841f36046986191b5d296791f50602f23'
2014-04-29 11:18:10: Copy New '/Users/administrator/Documents/iOS/Portball/Portball/.git/objects/0c/b44ed2a75ba4bb1a4a94590d8421dec156675a' -> '/Volumes/SP PHD U3/iOS/Portball/Portball/.git/objects/0c/b44ed2a75ba4bb1a4a94590d8421dec156675a'
2014-04-29 11:18:10: Copy New '/Users/administrator/Documents/iOS/Portball/Portball/.git/objects/11/06e7597a6c7bfe15857535f2fdb1b4e903db64' -> '/Volumes/SP PHD U3/iOS/Portball/Portball/.git/objects/11/06e7597a6c7bfe15857535f2fdb1b4e903db64'
2014-04-29 11:18:10: Copy New '/Users/administrator/Documents/iOS/Portball/Portball/.git/objects/1e/95efa2cba58623720f9e00f50337e8431c5559' -> '/Volumes/SP PHD U3/iOS/Portball/Portball/.git/objects/1e/95efa2cba58623720f9e00f50337e8431c5559'
2014-04-29 11:18:10: Copy New '/Users/administrator/Documents/iOS/Portball/Portball/.git/objects/1f/b481b9148ff2da6e6d54788d1c97b1c974d444' -> '/Volumes/SP PHD U3/iOS/Portball/Portball/.git/objects/1f/b481b9148ff2da6e6d54788d1c97b1c974d444'
2014-04-29 11:18:10: Copy New '/Users/administrator/Documents/iOS/Portball/Portball/.git/objects/2b/692871c2a0665664bac773214e6a2abb016fdc' -> '/Volumes/SP PHD U3/iOS/Portball/Portball/.git/objects/2b/692871c2a0665664bac773214e6a2abb016fdc'
2014-04-29 11:18:10: Copy New '/Users/administrator/Documents/iOS/Portball/Portball/.git/objects/2e/9c1f79452416ad679139b4ea5fed8a4fce50b1' -> '/Volumes/SP PHD U3/iOS/Portball/Portball/.git/objects/2e/9c1f79452416ad679139b4ea5fed8a4fce50b1'
2014-04-29 11:18:10: Copy New '/Users/administrator/Documents/iOS/Portball/Portball/.git/objects/33/83a218caa6310f93bf704104a41f01aaa95691' -> '/Volumes/SP PHD U3/iOS/Portball/Portball/.git/objects/33/83a218caa6310f93bf704104a41f01aaa95691'
2014-04-29 11:18:10: Copy New '/Users/administrator/Documents/iOS/Portball/Portball/.git/objects/63/d0f1843536156dbf6c7d9656abc6f1aab6a472' -> '/Volumes/SP PHD U3/iOS/Portball/Portball/.git/objects/63/d0f1843536156dbf6c7d9656abc6f1aab6a472'
2014-04-29 11:18:10: Copy New '/Users/administrator/Documents/iOS/Portball/Portball/.git/objects/64/127713a2370342c2f33ffe77886638c95bb0cc' -> '/Volumes/SP PHD U3/iOS/Portball/Portball/.git/objects/64/127713a2370342c2f33ffe77886638c95bb0cc'
2014-04-29 11:18:10: Copy New '/Users/administrator/Documents/iOS/Portball/Portball/.git/objects/70/1aae1fba23e94d52ab05963c4d0c10bba76db2' -> '/Volumes/SP PHD U3/iOS/Portball/Portball/.git/objects/70/1aae1fba23e94d52ab05963c4d0c10bba76db2'
2014-04-29 11:18:10: Copy New '/Users/administrator/Documents/iOS/Portball/Portball/.git/objects/71/0ef49f73d2b285d8f63a86ce6bbdc61bb1afb3' -> '/Volumes/SP PHD U3/iOS/Portball/Portball/.git/objects/71/0ef49f73d2b285d8f63a86ce6bbdc61bb1afb3'
2014-04-29 11:18:10: Copy New '/Users/administrator/Documents/iOS/Portball/Portball/.git/objects/80/b92d36fb7bfc1697763513667c135ba575b6a9' -> '/Volumes/SP PHD U3/iOS/Portball/Portball/.git/objects/80/b92d36fb7bfc1697763513667c135ba575b6a9'
2014-04-29 11:18:10: Copy New '/Users/administrator/Documents/iOS/Portball/Portball/.git/objects/8d/d7dddbc47c2454eb9019b0205d2e1d0a978488' -> '/Volumes/SP PHD U3/iOS/Portball/Portball/.git/objects/8d/d7dddbc47c2454eb9019b0205d2e1d0a978488'
2014-04-29 11:18:10: Copy New '/Users/administrator/Documents/iOS/Portball/Portball/.git/objects/93/9a0927f4b3ea21113874bf09569c329ada1063' -> '/Volumes/SP PHD U3/iOS/Portball/Portball/.git/objects/93/9a0927f4b3ea21113874bf09569c329ada1063'
2014-04-29 11:18:10: Copy New '/Users/administrator/Documents/iOS/Portball/Portball/.git/objects/94/607470e508edf9d35bfa84420685e144ba75e9' -> '/Volumes/SP PHD U3/iOS/Portball/Portball/.git/objects/94/607470e508edf9d35bfa84420685e144ba75e9'
2014-04-29 11:18:10: Copy New '/Users/administrator/Documents/iOS/Portball/Portball/.git/objects/9f/7a32f39a6c0ae8c0ee0a20fd99971d59f719ea' -> '/Volumes/SP PHD U3/iOS/Portball/Portball/.git/objects/9f/7a32f39a6c0ae8c0ee0a20fd99971d59f719ea'
2014-04-29 11:18:10: Copy New '/Users/administrator/Documents/iOS/Portball/Portball/.git/objects/a2/85bc1bc763d0b1f8308d718bb7b37d68203a6b' -> '/Volumes/SP PHD U3/iOS/Portball/Portball/.git/objects/a2/85bc1bc763d0b1f8308d718bb7b37d68203a6b'
2014-04-29 11:18:10: Copy New '/Users/administrator/Documents/iOS/Portball/Portball/.git/objects/ab/2da8d282a627f2bb929e640a1453fd4dd5269b' -> '/Volumes/SP PHD U3/iOS/Portball/Portball/.git/objects/ab/2da8d282a627f2bb929e640a1453fd4dd5269b'
2014-04-29 11:18:10: Copy New '/Users/administrator/Documents/iOS/Portball/Portball/.git/objects/ac/d5d48215afe328397862676b1c35836b747a2c' -> '/Volumes/SP PHD U3/iOS/Portball/Portball/.git/objects/ac/d5d48215afe328397862676b1c35836b747a2c'
2014-04-29 11:18:10: Copy New '/Users/administrator/Documents/iOS/Portball/Portball/.git/objects/ac/fb9ed51e286177ff0df5d859e551642e312029' -> '/Volumes/SP PHD U3/iOS/Portball/Portball/.git/objects/ac/fb9ed51e286177ff0df5d859e551642e312029'
2014-04-29 11:18:10: Copy New '/Users/administrator/Documents/iOS/Portball/Portball/.git/objects/b3/51ba6fca9824854850266b873dd95441c72be4' -> '/Volumes/SP PHD U3/iOS/Portball/Portball/.git/objects/b3/51ba6fca9824854850266b873dd95441c72be4'
2014-04-29 11:18:10: Copy New '/Users/administrator/Documents/iOS/Portball/Portball/.git/objects/b4/c30715d3795125e6bdd6ab0d707f8c76f8883e' -> '/Volumes/SP PHD U3/iOS/Portball/Portball/.git/objects/b4/c30715d3795125e6bdd6ab0d707f8c76f8883e'
2014-04-29 11:18:10: Copy New '/Users/administrator/Documents/iOS/Portball/Portball/.git/objects/b5/01a8ffcb5b0959c98c918c6de95f05cd2a0f69' -> '/Volumes/SP PHD U3/iOS/Portball/Portball/.git/objects/b5/01a8ffcb5b0959c98c918c6de95f05cd2a0f69'
2014-04-29 11:18:10: Copy New '/Users/administrator/Documents/iOS/Portball/Portball/.git/objects/b7/4485a331201d1a72dc92d3ece72043db231f49' -> '/Volumes/SP PHD U3/iOS/Portball/Portball/.git/objects/b7/4485a331201d1a72dc92d3ece72043db231f49'
2014-04-29 11:18:10: Copy New '/Users/administrator/Documents/iOS/Portball/Portball/.git/objects/bd/4085a25aee9f73a2e80481942a3f1f8e7993ce' -> '/Volumes/SP PHD U3/iOS/Portball/Portball/.git/objects/bd/4085a25aee9f73a2e80481942a3f1f8e7993ce'
2014-04-29 11:18:10: Copy New '/Users/administrator/Documents/iOS/Portball/Portball/.git/objects/be/3e7244e49fd28abe7b3a9ed6c72669226bab7e' -> '/Volumes/SP PHD U3/iOS/Portball/Portball/.git/objects/be/3e7244e49fd28abe7b3a9ed6c72669226bab7e'
2014-04-29 11:18:10: Copy New '/Users/administrator/Documents/iOS/Portball/Portball/.git/objects/cd/0ec717d72e2ec408c324fca5cbe56031f53429' -> '/Volumes/SP PHD U3/iOS/Portball/Portball/.git/objects/cd/0ec717d72e2ec408c324fca5cbe56031f53429'
2014-04-29 11:18:10: Copy New '/Users/administrator/Documents/iOS/Portball/Portball/.git/objects/d3/975b08ea41dbfe8b39a1e00115498bef43ba91' -> '/Volumes/SP PHD U3/iOS/Portball/Portball/.git/objects/d3/975b08ea41dbfe8b39a1e00115498bef43ba91'
2014-04-29 11:18:10: Copy New '/Users/administrator/Documents/iOS/Portball/Portball/.git/objects/d8/2b79c4eaad3c2d65a559d034b4e78b095bece9' -> '/Volumes/SP PHD U3/iOS/Portball/Portball/.git/objects/d8/2b79c4eaad3c2d65a559d034b4e78b095bece9'
2014-04-29 11:18:10: Copy New '/Users/administrator/Documents/iOS/Portball/Portball/.git/objects/de/2864934d9288c0c55428a8d8c39c3bde9c7d42' -> '/Volumes/SP PHD U3/iOS/Portball/Portball/.git/objects/de/2864934d9288c0c55428a8d8c39c3bde9c7d42'
2014-04-29 11:18:10: Copy New '/Users/administrator/Documents/iOS/Portball/Portball/.git/objects/e3/f030779afff08bdbb973808bd35201939c0bae' -> '/Volumes/SP PHD U3/iOS/Portball/Portball/.git/objects/e3/f030779afff08bdbb973808bd35201939c0bae'
2014-04-29 11:18:10: Copy New '/Users/administrator/Documents/iOS/Portball/Portball/.git/objects/e6/96240c5bbfc1ecda0e3cf9345e8e42f39a245e' -> '/Volumes/SP PHD U3/iOS/Portball/Portball/.git/objects/e6/96240c5bbfc1ecda0e3cf9345e8e42f39a245e'
2014-04-29 11:18:10: Copy New '/Users/administrator/Documents/iOS/Portball/Portball/.git/objects/f0/67f9595912f02093938a7787d913197ad7094d' -> '/Volumes/SP PHD U3/iOS/Portball/Portball/.git/objects/f0/67f9595912f02093938a7787d913197ad7094d'
2014-04-29 11:18:10: Copy New '/Users/administrator/Documents/iOS/Portball/Portball/.git/objects/f0/cbebede4d24e071b9e550ab996a8e12f8cbc2e' -> '/Volumes/SP PHD U3/iOS/Portball/Portball/.git/objects/f0/cbebede4d24e071b9e550ab996a8e12f8cbc2e'
2014-04-29 11:18:10: Copy New '/Users/administrator/Documents/iOS/Portball/Portball/.git/objects/fb/3cdb12ebda0364a7f925d41b6299ad908eaeac' -> '/Volumes/SP PHD U3/iOS/Portball/Portball/.git/objects/fb/3cdb12ebda0364a7f925d41b6299ad908eaeac'
2014-04-29 11:18:10: Copy New '/Users/administrator/Documents/iOS/Portball/Portball/.git/objects/fb/a59e02e55e4c813346e66f6d9b5d76a8dca178' -> '/Volumes/SP PHD U3/iOS/Portball/Portball/.git/objects/fb/a59e02e55e4c813346e66f6d9b5d76a8dca178'
2014-04-29 11:18:10: Copy New '/Users/administrator/Documents/iOS/Portball/Portball/.git/objects/fc/29ee7aedaee4fe82e54f5680d15ec9488796b7' -> '/Volumes/SP PHD U3/iOS/Portball/Portball/.git/objects/fc/29ee7aedaee4fe82e54f5680d15ec9488796b7'
2014-04-29 11:18:10: Copy New '/Users/administrator/Documents/iOS/Portball/Portball/Portball/Art/bg/background_lose.png' -> '/Volumes/SP PHD U3/iOS/Portball/Portball/Portball/Art/bg/background_lose.png'
2014-04-29 11:18:10: Copy New '/Users/administrator/Documents/iOS/Portball/Portball/Portball/Art/bg/background_start.png' -> '/Volumes/SP PHD U3/iOS/Portball/Portball/Portball/Art/bg/background_start.png'
2014-04-29 11:18:10: Copy Over '/Users/administrator/Documents/iOS/Portball/Portball/Portball/Art/sprites.atlas/black.png' -> '/Volumes/SP PHD U3/iOS/Portball/Portball/Portball/Art/sprites.atlas/black.png'
2014-04-29 11:18:10: Copy New '/Users/administrator/Documents/iOS/Portball/Portball/Portball/Art/sprites.atlas/blackOld.png' -> '/Volumes/SP PHD U3/iOS/Portball/Portball/Portball/Art/sprites.atlas/blackOld.png'
2014-04-29 11:18:10: Copy New '/Users/administrator/Documents/iOS/Portball/Portball/Portball/Art/sprites.atlas/loseButton.png' -> '/Volumes/SP PHD U3/iOS/Portball/Portball/Portball/Art/sprites.atlas/loseButton.png'
2014-04-29 11:18:10: Copy New '/Users/administrator/Documents/iOS/Portball/Portball/Portball/Art/sprites.atlas/startButton.png' -> '/Volumes/SP PHD U3/iOS/Portball/Portball/Portball/Art/sprites.atlas/startButton.png'
2014-04-29 11:18:10: Copy Over '/Users/administrator/Documents/iOS/Portball/Portball/Portball/Art/sprites.atlas/white.png' -> '/Volumes/SP PHD U3/iOS/Portball/Portball/Portball/Art/sprites.atlas/white.png'
2014-04-29 11:18:10: Copy New '/Users/administrator/Documents/iOS/Portball/Portball/Portball/Art/sprites.atlas/whiteOld.png' -> '/Volumes/SP PHD U3/iOS/Portball/Portball/Portball/Art/sprites.atlas/whiteOld.png'
2014-04-29 11:18:10: Copy New '/Users/administrator/Documents/iOS/Portball/Portball/Portball/Font/font.ttf' -> '/Volumes/SP PHD U3/iOS/Portball/Portball/Portball/Font/font.ttf'
2014-04-29 11:18:10: Copy New '/Users/administrator/Documents/iOS/Portball/Portball/Portball/Images.xcassets/AppIcon.appiconset/120.png' -> '/Volumes/SP PHD U3/iOS/Portball/Portball/Portball/Images.xcassets/AppIcon.appiconset/120.png'
2014-04-29 11:18:10: Copy New '/Users/administrator/Documents/iOS/Portball/Portball/Portball/Images.xcassets/AppIcon.appiconset/58.png' -> '/Volumes/SP PHD U3/iOS/Portball/Portball/Portball/Images.xcassets/AppIcon.appiconset/58.png'
2014-04-29 11:18:10: Copy New '/Users/administrator/Documents/iOS/Portball/Portball/Portball/Images.xcassets/AppIcon.appiconset/80.png' -> '/Volumes/SP PHD U3/iOS/Portball/Portball/Portball/Images.xcassets/AppIcon.appiconset/80.png'
2014-04-29 11:18:10: Copy Over '/Users/administrator/Documents/iOS/Portball/Portball/Portball/Images.xcassets/AppIcon.appiconset/Contents.json' -> '/Volumes/SP PHD U3/iOS/Portball/Portball/Portball/Images.xcassets/AppIcon.appiconset/Contents.json'
2014-04-29 11:18:10: Copy Over '/Users/administrator/Documents/iOS/Portball/Portball/Portball/Images.xcassets/LaunchImage.launchimage/Contents.json' -> '/Volumes/SP PHD U3/iOS/Portball/Portball/Portball/Images.xcassets/LaunchImage.launchimage/Contents.json'
2014-04-29 11:18:10: Copy New '/Users/administrator/Documents/iOS/Portball/Portball/Portball/Images.xcassets/LaunchImage.launchimage/r4.png' -> '/Volumes/SP PHD U3/iOS/Portball/Portball/Portball/Images.xcassets/LaunchImage.launchimage/r4.png'
2014-04-29 11:18:10: Copy New '/Users/administrator/Documents/iOS/Portball/Portball/Portball/Images.xcassets/LaunchImage.launchimage/x2-1.png' -> '/Volumes/SP PHD U3/iOS/Portball/Portball/Portball/Images.xcassets/LaunchImage.launchimage/x2-1.png'
2014-04-29 11:18:10: Copy New '/Users/administrator/Documents/iOS/Portball/Portball/Portball/Music/Blast.mp3' -> '/Volumes/SP PHD U3/iOS/Portball/Portball/Portball/Music/Blast.mp3'
2014-04-29 11:18:10: Copy New '/Users/administrator/Documents/iOS/Portball/Portball/Portball/Music/Close.mp3' -> '/Volumes/SP PHD U3/iOS/Portball/Portball/Portball/Music/Close.mp3'
2014-04-29 11:18:10: Copy New '/Users/administrator/Documents/iOS/Portball/Portball/Portball/Music/Finder.mp3' -> '/Volumes/SP PHD U3/iOS/Portball/Portball/Portball/Music/Finder.mp3'
2014-04-29 11:18:10: Copy New '/Users/administrator/Documents/iOS/Portball/Portball/Portball/Music/Kill.mp3' -> '/Volumes/SP PHD U3/iOS/Portball/Portball/Portball/Music/Kill.mp3'
2014-04-29 11:18:10: Copy New '/Users/administrator/Documents/iOS/Portball/Portball/Portball/Music/Pluck.mp3' -> '/Volumes/SP PHD U3/iOS/Portball/Portball/Portball/Music/Pluck.mp3'
2014-04-29 11:18:10: Copy New '/Users/administrator/Documents/iOS/Portball/Portball/Portball/Music/Pop.mp3' -> '/Volumes/SP PHD U3/iOS/Portball/Portball/Portball/Music/Pop.mp3'
2014-04-29 11:18:10: Copy New '/Users/administrator/Documents/iOS/Portball/Portball/Portball/Music/Portal.mp3' -> '/Volumes/SP PHD U3/iOS/Portball/Portball/Portball/Music/Portal.mp3'
2014-04-29 11:18:10: Copy New '/Users/administrator/Documents/iOS/Portball/Portball/Portball/Music/Scream.mp3' -> '/Volumes/SP PHD U3/iOS/Portball/Portball/Portball/Music/Scream.mp3'
2014-04-29 11:18:10: Copy Over '/Users/administrator/Documents/iOS/Portball/Portball/Portball/MyScene.h' -> '/Volumes/SP PHD U3/iOS/Portball/Portball/Portball/MyScene.h'
2014-04-29 11:18:10: Copy Over '/Users/administrator/Documents/iOS/Portball/Portball/Portball/MyScene.m' -> '/Volumes/SP PHD U3/iOS/Portball/Portball/Portball/MyScene.m'
2014-04-29 11:18:10: Copy New '/Users/administrator/Documents/iOS/Portball/Portball/Portball/Particles/blood.sks' -> '/Volumes/SP PHD U3/iOS/Portball/Portball/Portball/Particles/blood.sks'
2014-04-29 11:18:10: Copy New '/Users/administrator/Documents/iOS/Portball/Portball/Portball/Particles/blood.sks.old.sks' -> '/Volumes/SP PHD U3/iOS/Portball/Portball/Portball/Particles/blood.sks.old.sks'
2014-04-29 11:18:10: Copy New '/Users/administrator/Documents/iOS/Portball/Portball/Portball/Particles/spark.png' -> '/Volumes/SP PHD U3/iOS/Portball/Portball/Portball/Particles/spark.png'
2014-04-29 11:18:10: Copy New '/Users/administrator/Documents/iOS/Portball/Portball/Portball/Particles/spark.png.old.png' -> '/Volumes/SP PHD U3/iOS/Portball/Portball/Portball/Particles/spark.png.old.png'
2014-04-29 11:18:10: Copy Over '/Users/administrator/Documents/iOS/Portball/Portball/Portball/Portball-Info.plist' -> '/Volumes/SP PHD U3/iOS/Portball/Portball/Portball/Portball-Info.plist'
2014-04-29 11:18:10: Copy Over '/Users/administrator/Documents/iOS/Portball/Portball/Portball/ViewController.m' -> '/Volumes/SP PHD U3/iOS/Portball/Portball/Portball/ViewController.m'
2014-04-29 11:18:10: Copy Over '/Users/administrator/Documents/iOS/Portball/Portball/Portball.xcodeproj/project.pbxproj' -> '/Volumes/SP PHD U3/iOS/Portball/Portball/Portball.xcodeproj/project.pbxproj'
2014-04-29 11:18:10: Copy Over '/Users/administrator/Documents/iOS/Portball/Portball/Portball.xcodeproj/project.pbxproj.orig' -> '/Volumes/SP PHD U3/iOS/Portball/Portball/Portball.xcodeproj/project.pbxproj.orig'
2014-04-29 11:18:10: Copy Over '/Users/administrator/Documents/iOS/Portball/Portball/Portball.xcodeproj/project.xcworkspace/xcuserdata/administrator.xcuserdatad/UserInterfaceState.xcuserstate' -> '/Volumes/SP PHD U3/iOS/Portball/Portball/Portball.xcodeproj/project.xcworkspace/xcuserdata/administrator.xcuserdatad/UserInterfaceState.xcuserstate'
2014-04-29 11:18:10: Copy Over '/Users/administrator/Documents/iOS/Portball/Portball/Portball.xcodeproj/xcuserdata/administrator.xcuserdatad/xcschemes/Portball.xcscheme' -> '/Volumes/SP PHD U3/iOS/Portball/Portball/Portball.xcodeproj/xcuserdata/administrator.xcuserdatad/xcschemes/Portball.xcscheme'
2014-04-29 11:18:10: Save State File /Users/administrator/Documents/iOS/Portball/_gsdata_/_file_state_v4._gs
2014-04-29 11:18:11: Save State File /Volumes/SP PHD U3/iOS/Portball/_gsdata_/_file_state_v4._gs
2014-04-29 11:18:11: Items Synced OK: 728, Errors: 0
2014-04-29 11:18:11: == Sync Completed. Time: 00:00:02, Speed: 26.6 MB/s
2014-04-29 11:18:11: 
